This is pdfeTeX, Version 3.141592-1.30.6-2.2 (MiKTeX 2.5) (preloaded format=pdflatex 2007.7.12)  30 OCT 2007 08:36
entering extended mode
**seminar2.tex
(seminar2.tex
LaTeX2e <2005/12/01>
Babel <v3.8g> and hyphenation patterns for english, dumylang, nohyphenation, ge
rman, ngerman, french, loaded.
(C:\Programs\MiKTeX2.5\tex\latex\beamer\base\beamer.cls
(C:\Programs\MiKTeX2.5\tex\latex\beamer\base\beamerbasercs.sty
Package: beamerbasercs 2007/01/28 (rcs-revision 1.4)
)
Document Class: beamer 2007/03/11 cvs version 3.07 A class for typesetting pres
entations (rcs-revision 1.70)
(C:\Programs\MiKTeX2.5\tex\latex\beamer\base\beamerbasemodes.sty
Package: beamerbasemodes 2007/01/28 (rcs-revision 1.22)
\beamer@tempbox=\box26
\beamer@tempcount=\count79
\c@beamerpauses=\count80

(C:\Programs\MiKTeX2.5\tex\latex\beamer\base\beamerbasedecode.sty
Package: beamerbasedecode 2007/01/28 (rcs-revision 1.20)
\beamer@slideinframe=\count81
\beamer@minimum=\count82
)
\beamer@commentbox=\box27
\beamer@modecount=\count83
)
\headheight=\dimen102
\headdp=\dimen103
\footheight=\dimen104
\sidebarheight=\dimen105
\beamer@tempdim=\dimen106
\beamer@finalheight=\dimen107
\beamer@animht=\dimen108
\beamer@animdp=\dimen109
\beamer@animwd=\dimen110
\beamer@leftmargin=\dimen111
\beamer@rightmargin=\dimen112
\beamer@leftsidebar=\dimen113
\beamer@rightsidebar=\dimen114
\beamer@boxsize=\dimen115
\beamer@vboxoffset=\dimen116
\beamer@descdefault=\dimen117
\beamer@descriptionwidth=\dimen118
\beamer@lastskip=\skip41
\beamer@areabox=\box28
\beamer@animcurrent=\box29
\beamer@animshowbox=\box30
\beamer@sectionbox=\box31
\beamer@logobox=\box32
\beamer@linebox=\box33
\beamer@sectioncount=\count84
\beamer@subsubsectionmax=\count85
\beamer@subsectionmax=\count86
\beamer@sectionmax=\count87
\beamer@totalheads=\count88
\beamer@headcounter=\count89
\beamer@partstartpage=\count90
\beamer@sectionstartpage=\count91
\beamer@subsectionstartpage=\count92
\beamer@animationtempa=\count93
\beamer@animationtempb=\count94
\beamer@xpos=\count95
\beamer@ypos=\count96
\beamer@showpartnumber=\count97
\beamer@currentsubsection=\count98
\beamer@coveringdepth=\count99
\beamer@sectionadjust=\count100
\beamer@tocsectionnumber=\count101

(C:\Programs\MiKTeX2.5\tex\latex\beamer\base\beamerbaseoptions.sty
Package: beamerbaseoptions 2007/01/28 (rcs-revision 1.8)

(C:\Programs\MiKTeX2.5\tex\latex\graphics\keyval.sty
Package: keyval 1999/03/16 v1.13 key=value parser (DPC)
\KV@toks@=\toks14
))
(C:\Programs\MiKTeX2.5\tex\latex\pgf\basiclayer\pgfcore.sty
(C:\Programs\MiKTeX2.5\tex\latex\graphics\graphicx.sty
Package: graphicx 1999/02/16 v1.0f Enhanced LaTeX Graphics (DPC,SPQR)

(C:\Programs\MiKTeX2.5\tex\latex\graphics\graphics.sty
Package: graphics 2006/02/20 v1.0o Standard LaTeX Graphics (DPC,SPQR)

(C:\Programs\MiKTeX2.5\tex\latex\graphics\trig.sty
Package: trig 1999/03/16 v1.09 sin cos tan (DPC)
)
(C:\Programs\MiKTeX2.5\tex\latex\00miktex\graphics.cfg
File: graphics.cfg 2005/12/29 v1.2 MiKTeX 'graphics' configuration
)
Package graphics Info: Driver file: pdftex.def on input line 90.

(C:\Programs\MiKTeX2.5\tex\latex\graphics\pdftex.def
File: pdftex.def 2006/08/14 v0.03t Graphics/color for pdfTeX
\Gread@gobject=\count102
))
\Gin@req@height=\dimen119
\Gin@req@width=\dimen120
)
(C:\Programs\MiKTeX2.5\tex\latex\pgf\systemlayer\pgfsys.sty
(C:\Programs\MiKTeX2.5\tex\latex\pgf\utilities\pgfrcs.sty
(C:\Programs\MiKTeX2.5\tex\generic\pgf\utilities\pgfutil-common.tex)
(C:\Programs\MiKTeX2.5\tex\generic\pgf\utilities\pgfutil-latex.def)
(C:\Programs\MiKTeX2.5\tex\generic\pgf\utilities\pgfrcs.code.tex
Package: pgfrcs 2006/10/26 v1.10 (rcs-revision 1.14)
))
(C:\Programs\MiKTeX2.5\tex\generic\pgf\systemlayer\pgfsys.code.tex
Package: pgfsys 2006/10/16 v1.10 (rcs-revision 1.19)
\pgf@x=\dimen121
\pgf@y=\dimen122
\pgf@xa=\dimen123
\pgf@ya=\dimen124
\pgf@xb=\dimen125
\pgf@yb=\dimen126
\pgf@xc=\dimen127
\pgf@yc=\dimen128

(C:\Programs\MiKTeX2.5\tex\generic\pgf\systemlayer\pgf.cfg
File: pgf.cfg 2006/10/11  (rcs-revision 1.2)
)
Package pgfsys Info: Driver file for pgf: pgfsys-pdftex.def on input line 845.

(C:\Programs\MiKTeX2.5\tex\generic\pgf\systemlayer\pgfsys-pdftex.def
File: pgfsys-pdftex.def 2006/10/23  (rcs-revision 1.14)

(C:\Programs\MiKTeX2.5\tex\generic\pgf\systemlayer\pgfsys-common-pdf.def
File: pgfsys-common-pdf.def 2006/10/16  (rcs-revision 1.7)
)))
(C:\Programs\MiKTeX2.5\tex\generic\pgf\systemlayer\pgfsyssoftpath.code.tex
File: pgfsyssoftpath.code.tex 2006/10/16  (rcs-revision 1.4)
)
(C:\Programs\MiKTeX2.5\tex\generic\pgf\systemlayer\pgfsysprotocol.code.tex
File: pgfsysprotocol.code.tex 2006/10/16  (rcs-revision 1.4)
))
(C:\Programs\MiKTeX2.5\tex\latex\xcolor\xcolor.sty
Package: xcolor 2005/12/21 v2.09 LaTeX color extensions (UK)

(C:\Programs\MiKTeX2.5\tex\latex\00miktex\color.cfg
File: color.cfg 2005/12/29 v1.1 MiKTeX 'color' configuration
)
Package xcolor Info: Driver file: pdftex.def on input line 220.
Package xcolor Info: Model `cmy' substituted by `cmy0' on input line 1328.
Package xcolor Info: Model `hsb' substituted by `rgb' on input line 1332.
Package xcolor Info: Model `RGB' extended on input line 1344.
Package xcolor Info: Model `HTML' substituted by `rgb' on input line 1346.
Package xcolor Info: Model `Hsb' substituted by `hsb' on input line 1347.
Package xcolor Info: Model `tHsb' substituted by `hsb' on input line 1348.
Package xcolor Info: Model `HSB' substituted by `hsb' on input line 1349.
Package xcolor Info: Model `Gray' substituted by `gray' on input line 1350.
Package xcolor Info: Model `wave' substituted by `hsb' on input line 1351.
)
(C:\Programs\MiKTeX2.5\tex\generic\pgf\basiclayer\pgfcore.code.tex
Package: pgfcore 2006/10/11 v1.10 (rcs-revision 1.4)

(C:\Programs\MiKTeX2.5\tex\generic\pgf\basiclayer\pgfcoremath.code.tex
File: pgfcoremath.code.tex 2006/10/15  (rcs-revision 1.3)
\c@pgf@counta=\count103
\c@pgf@countb=\count104
\c@pgf@countc=\count105
\c@pgf@countd=\count106
)
(C:\Programs\MiKTeX2.5\tex\generic\pgf\basiclayer\pgfcorepoints.code.tex
File: pgfcorepoints.code.tex 2006/10/16  (rcs-revision 1.7)
\pgf@picminx=\dimen129
\pgf@picmaxx=\dimen130
\pgf@picminy=\dimen131
\pgf@picmaxy=\dimen132
\pgf@pathminx=\dimen133
\pgf@pathmaxx=\dimen134
\pgf@pathminy=\dimen135
\pgf@pathmaxy=\dimen136
\pgf@tempdim=\dimen137
\c@pgf@tempcount=\count107
\pgf@xx=\dimen138
\pgf@xy=\dimen139
\pgf@yx=\dimen140
\pgf@yy=\dimen141
\pgf@zx=\dimen142
\pgf@zy=\dimen143
)
(C:\Programs\MiKTeX2.5\tex\generic\pgf\basiclayer\pgfcorepathconstruct.code.tex
File: pgfcorepathconstruct.code.tex 2006/10/16  (rcs-revision 1.6)
\pgf@path@lastx=\dimen144
\pgf@path@lasty=\dimen145
) (C:\Programs\MiKTeX2.5\tex\generic\pgf\basiclayer\pgfcorepathusage.code.tex
File: pgfcorepathusage.code.tex 2006/10/16  (rcs-revision 1.7)
\pgf@shorten@end@additional=\dimen146
\pgf@shorten@start@additional=\dimen147
)
(C:\Programs\MiKTeX2.5\tex\generic\pgf\basiclayer\pgfcorescopes.code.tex
File: pgfcorescopes.code.tex 2006/10/23  (rcs-revision 1.20)
\pgfpic=\box34
\pgf@hbox=\box35
\pgf@layerbox@main=\box36
\pgf@picture@serial@count=\count108
)
(C:\Programs\MiKTeX2.5\tex\generic\pgf\basiclayer\pgfcoregraphicstate.code.tex
File: pgfcoregraphicstate.code.tex 2006/10/16  (rcs-revision 1.6)
\pgflinewidth=\dimen148
)
(C:\Programs\MiKTeX2.5\tex\generic\pgf\basiclayer\pgfcoretransformations.code.t
ex
File: pgfcoretransformations.code.tex 2006/10/11  (rcs-revision 1.4)
\pgf@pt@x=\dimen149
\pgf@pt@y=\dimen150
\pgf@pt@temp=\dimen151
) (C:\Programs\MiKTeX2.5\tex\generic\pgf\basiclayer\pgfcorequick.code.tex
File: pgfcorequick.code.tex 2006/10/11  (rcs-revision 1.2)
)
(C:\Programs\MiKTeX2.5\tex\generic\pgf\basiclayer\pgfcoreobjects.code.tex
File: pgfcoreobjects.code.tex 2006/10/11  (rcs-revision 1.2)
)
(C:\Programs\MiKTeX2.5\tex\generic\pgf\basiclayer\pgfcorepathprocessing.code.te
x
File: pgfcorepathprocessing.code.tex 2006/10/16  (rcs-revision 1.5)
) (C:\Programs\MiKTeX2.5\tex\generic\pgf\basiclayer\pgfcorearrows.code.tex
File: pgfcorearrows.code.tex 2006/10/16  (rcs-revision 1.6)
)
(C:\Programs\MiKTeX2.5\tex\generic\pgf\basiclayer\pgfcoreshade.code.tex
File: pgfcoreshade.code.tex 2006/10/16  (rcs-revision 1.7)
\pgf@max=\dimen152
\pgf@sys@shading@range@num=\count109
)))
(C:\Programs\MiKTeX2.5\tex\latex\pgf\basiclayer\pgfbaseimage.sty
(C:\Programs\MiKTeX2.5\tex\generic\pgf\basiclayer\pgfbaseimage.code.tex
Package: pgfbaseimage 2006/10/16 v1.10 (rcs-revision 1.5)
))
(C:\Programs\MiKTeX2.5\tex\latex\pgf\utilities\xxcolor.sty
Package: xxcolor 2003/10/24 ver 0.1
\XC@nummixins=\count110
\XC@countmixins=\count111
)
(C:\Programs\MiKTeX2.5\tex\latex\amsfonts\amssymb.sty
Package: amssymb 2002/01/22 v2.2d

(C:\Programs\MiKTeX2.5\tex\latex\amsfonts\amsfonts.sty
Package: amsfonts 2001/10/25 v2.2f
\@emptytoks=\toks15
\symAMSa=\mathgroup4
\symAMSb=\mathgroup5
LaTeX Font Info:    Overwriting math alphabet `\mathfrak' in version `bold'
(Font)                  U/euf/m/n --> U/euf/b/n on input line 132.
))
(C:\Programs\MiKTeX2.5\tex\latex\geometry\geometry.sty
Package: geometry 2002/07/08 v3.2 Page Geometry
\Gm@cnth=\count112
\Gm@cntv=\count113
\c@Gm@tempcnt=\count114
\Gm@bindingoffset=\dimen153
\Gm@wd@mp=\dimen154
\Gm@odd@mp=\dimen155
\Gm@even@mp=\dimen156
\Gm@dimlist=\toks16

(C:\Programs\MiKTeX2.5\tex\latex\geometry\geometry.cfg))
(C:\Programs\MiKTeX2.5\tex\latex\hyperref\hyperref.sty
Package: hyperref 2006/09/06 v6.75e Hypertext links for LaTeX
\@linkdim=\dimen157
\Hy@linkcounter=\count115
\Hy@pagecounter=\count116

(C:\Programs\MiKTeX2.5\tex\latex\hyperref\pd1enc.def
File: pd1enc.def 2006/09/06 v6.75e Hyperref: PDFDocEncoding definition (HO)
)
(C:\Programs\MiKTeX2.5\tex\latex\00miktex\hyperref.cfg
File: hyperref.cfg 2006/02/14 v1.1 MiKTeX 'hyperref' configuration
)
(C:\Programs\MiKTeX2.5\tex\latex\oberdiek\kvoptions.sty
Package: kvoptions 2006/08/22 v2.4 Connects package keyval with LaTeX options (
HO)
)
Package hyperref Info: Option `bookmarks' set `true' on input line 2073.
Package hyperref Info: Option `bookmarksopen' set `true' on input line 2073.
Package hyperref Info: Option `implicit' set `false' on input line 2073.
Package hyperref Info: Hyper figures OFF on input line 2123.
Package hyperref Info: Link nesting OFF on input line 2128.
Package hyperref Info: Hyper index ON on input line 2131.
Package hyperref Info: Plain pages OFF on input line 2138.
Package hyperref Info: Backreferencing OFF on input line 2143.

Implicit mode OFF; no redefinition of LaTeX internals
Package hyperref Info: Bookmarks ON on input line 2273.
(C:\Programs\MiKTeX2.5\tex\latex\ltxmisc\url.sty
\Urlmuskip=\muskip10
Package: url 2005/06/27  ver 3.2  Verb mode for urls, etc.
)
LaTeX Info: Redefining \url on input line 2428.
\Fld@menulength=\count117
\Field@Width=\dimen158
\Fld@charsize=\dimen159
\Choice@toks=\toks17
\Field@toks=\toks18
Package hyperref Info: Hyper figures OFF on input line 2906.
Package hyperref Info: Link nesting OFF on input line 2911.
Package hyperref Info: Hyper index ON on input line 2914.
Package hyperref Info: backreferencing OFF on input line 2921.
Package hyperref Info: Link coloring OFF on input line 2926.
\Hy@abspage=\count118

Hyperref stopped early
)
*hyperref using default driver hpdftex*
(C:\Programs\MiKTeX2.5\tex\latex\hyperref\hpdftex.def
File: hpdftex.def 2006/09/06 v6.75e Hyperref driver for pdfTeX
\Fld@listcount=\count119
)
(C:\Programs\MiKTeX2.5\tex\latex\base\size11.clo
File: size11.clo 2005/09/16 v1.4f Standard LaTeX file (size option)
)
(C:\Programs\MiKTeX2.5\tex\latex\beamer\base\beamerbasecompatibility.sty
Package: beamerbasecompatibility 2007/01/28  (rcs-revision 1.63)
)
(C:\Programs\MiKTeX2.5\tex\latex\beamer\base\beamerbasefont.sty
Package: beamerbasefont 2007/01/28  (rcs-revision 1.16)
)
(C:\Programs\MiKTeX2.5\tex\latex\beamer\base\beamerbasemisc.sty
Package: beamerbasemisc 2007/01/28  (rcs-revision 1.24)
)
(C:\Programs\MiKTeX2.5\tex\latex\beamer\base\beamerbasetwoscreens.sty
Package: beamerbasetwoscreens 2007/01/28  (rcs-revision 1.7)
)
(C:\Programs\MiKTeX2.5\tex\latex\beamer\base\beamerbaseoverlay.sty
Package: beamerbaseoverlay 2007/01/28  (rcs-revision 1.50)
\beamer@argscount=\count120
\beamer@lastskipcover=\skip42
\beamer@trivlistdepth=\count121
)
(C:\Programs\MiKTeX2.5\tex\latex\beamer\base\beamerbasetitle.sty
Package: beamerbasetitle 2007/01/28  (rcs-revision 1.25)
)
(C:\Programs\MiKTeX2.5\tex\latex\beamer\base\beamerbasesection.sty
Package: beamerbasesection 2007/01/28  (rcs-revision 1.21)
\c@lecture=\count122
\c@part=\count123
\c@section=\count124
\c@subsection=\count125
\c@subsubsection=\count126
)
(C:\Programs\MiKTeX2.5\tex\latex\beamer\base\beamerbaseframe.sty
Package: beamerbaseframe 2007/01/28  (rcs-revision 1.60)
\beamer@framebox=\box37
\beamer@frametitlebox=\box38
\beamer@zoombox=\box39
\beamer@zoomcount=\count127
\beamer@zoomframecount=\count128
\beamer@frametextheight=\dimen160
\c@subsectionslide=\count129
\beamer@frametopskip=\skip43
\beamer@framebottomskip=\skip44
\beamer@frametopskipautobreak=\skip45
\beamer@framebottomskipautobreak=\skip46
\beamer@envbody=\toks19
\c@framenumber=\count130
)
(C:\Programs\MiKTeX2.5\tex\latex\beamer\base\beamerbaseverbatim.sty
Package: beamerbaseverbatim 2007/01/28  (rcs-revision 1.8)
\beamer@verbatimfileout=\write3
)
(C:\Programs\MiKTeX2.5\tex\latex\beamer\base\beamerbaseframesize.sty
Package: beamerbaseframesize 2007/01/28  (rcs-revision 1.18)
\beamer@splitbox=\box40
\beamer@autobreakcount=\count131
\beamer@autobreaklastheight=\dimen161
\beamer@frametitletoks=\toks20
\beamer@framesubtitletoks=\toks21
)
(C:\Programs\MiKTeX2.5\tex\latex\beamer\base\beamerbaseframecomponents.sty
Package: beamerbaseframecomponents 2007/01/28  (rcs-revision 1.41)
\beamer@footins=\box41
)
(C:\Programs\MiKTeX2.5\tex\latex\beamer\base\beamerbasecolor.sty
Package: beamerbasecolor 2007/01/28  (rcs-revision 1.42)
)
(C:\Programs\MiKTeX2.5\tex\latex\beamer\base\beamerbasenotes.sty
Package: beamerbasenotes 2007/01/28  (rcs-revision 1.23)
\beamer@frameboxcopy=\box42
)
(C:\Programs\MiKTeX2.5\tex\latex\beamer\base\beamerbasetoc.sty
Package: beamerbasetoc 2007/01/28  (rcs-revision 1.21)
)
(C:\Programs\MiKTeX2.5\tex\latex\beamer\base\beamerbasetemplates.sty
Package: beamerbasetemplates 2007/01/28  (rcs-revision 1.51)
\beamer@sbttoks=\toks22

(C:\Programs\MiKTeX2.5\tex\latex\beamer\base\beamerbaseauxtemplates.sty
Package: beamerbaseauxtemplates 2007/01/28  (rcs-revision 1.28)

(C:\Programs\MiKTeX2.5\tex\latex\beamer\base\beamerbaseboxes.sty
Package: beamerbaseboxes 2007/03/11  (rcs-revision 1.32)
\bmb@box=\box43
\bmb@colorbox=\box44
\bmb@boxshadow=\box45
\bmb@boxshadowball=\box46
\bmb@boxshadowballlarge=\box47
\bmb@temp=\dimen162
\bmb@dima=\dimen163
\bmb@dimb=\dimen164
\bmb@prevheight=\dimen165
)
\beamer@blockheadheight=\dimen166
))
(C:\Programs\MiKTeX2.5\tex\latex\beamer\base\beamerbaselocalstructure.sty
Package: beamerbaselocalstructure 2007/01/28  (rcs-revision 1.53)

(C:\Programs\MiKTeX2.5\tex\latex\tools\enumerate.sty
Package: enumerate 1999/03/05 v3.00 enumerate extensions (DPC)
\@enLab=\toks23
)
\c@figure=\count132
\c@table=\count133
\abovecaptionskip=\skip47
\belowcaptionskip=\skip48
)
(C:\Programs\MiKTeX2.5\tex\latex\beamer\base\beamerbasenavigation.sty
Package: beamerbasenavigation 2007/01/28  (rcs-revision 1.36)
)
(C:\Programs\MiKTeX2.5\tex\latex\beamer\base\beamerbasetheorems.sty
Package: beamerbasetheorems 2007/01/28  (rcs-revision 1.10)

(C:\Programs\MiKTeX2.5\tex\latex\amsmath\amsmath.sty
Package: amsmath 2000/07/18 v2.13 AMS math features
\@mathmargin=\skip49

For additional information on amsmath, use the `?' option.
(C:\Programs\MiKTeX2.5\tex\latex\amsmath\amstext.sty
Package: amstext 2000/06/29 v2.01

(C:\Programs\MiKTeX2.5\tex\latex\amsmath\amsgen.sty
File: amsgen.sty 1999/11/30 v2.0
\@emptytoks=\toks24
\ex@=\dimen167
))
(C:\Programs\MiKTeX2.5\tex\latex\amsmath\amsbsy.sty
Package: amsbsy 1999/11/29 v1.2d
\pmbraise@=\dimen168
)
(C:\Programs\MiKTeX2.5\tex\latex\amsmath\amsopn.sty
Package: amsopn 1999/12/14 v2.01 operator names
)
\inf@bad=\count134
LaTeX Info: Redefining \frac on input line 211.
\uproot@=\count135
\leftroot@=\count136
LaTeX Info: Redefining \overline on input line 307.
\classnum@=\count137
\DOTSCASE@=\count138
LaTeX Info: Redefining \ldots on input line 379.
LaTeX Info: Redefining \dots on input line 382.
LaTeX Info: Redefining \cdots on input line 467.
\Mathstrutbox@=\box48
\strutbox@=\box49
\big@size=\dimen169
LaTeX Font Info:    Redeclaring font encoding OML on input line 567.
LaTeX Font Info:    Redeclaring font encoding OMS on input line 568.
\macc@depth=\count139
\c@MaxMatrixCols=\count140
\dotsspace@=\muskip11
\c@parentequation=\count141
\dspbrk@lvl=\count142
\tag@help=\toks25
\row@=\count143
\column@=\count144
\maxfields@=\count145
\andhelp@=\toks26
\eqnshift@=\dimen170
\alignsep@=\dimen171
\tagshift@=\dimen172
\tagwidth@=\dimen173
\totwidth@=\dimen174
\lineht@=\dimen175
\@envbody=\toks27
\multlinegap=\skip50
\multlinetaggap=\skip51
\mathdisplay@stack=\toks28
LaTeX Info: Redefining \[ on input line 2666.
LaTeX Info: Redefining \] on input line 2667.
)
(C:\Programs\MiKTeX2.5\tex\latex\amscls\amsthm.sty
Package: amsthm 2004/08/06 v2.20
\thm@style=\toks29
\thm@bodyfont=\toks30
\thm@headfont=\toks31
\thm@notefont=\toks32
\thm@headpunct=\toks33
\thm@preskip=\skip52
\thm@postskip=\skip53
\thm@headsep=\skip54
\dth@everypar=\toks34
)
\c@theorem=\count146
)
(C:\Programs\MiKTeX2.5\tex\latex\beamer\base\beamerbasethemes.sty
Package: beamerbasethemes 2007/01/28  (rcs-revision 1.10)
)
(C:\Programs\MiKTeX2.5\tex\latex\beamer\themes\theme\beamerthemedefault.sty
Package: beamerthemedefault 2007/01/28  (rcs-revision 1.7)

(C:\Programs\MiKTeX2.5\tex\latex\beamer\themes\font\beamerfontthemedefault.sty
Package: beamerfontthemedefault 2007/01/28  (rcs-revision 1.13)
)
(C:\Programs\MiKTeX2.5\tex\latex\beamer\themes\color\beamercolorthemedefault.st
y
Package: beamercolorthemedefault 2007/01/28  (rcs-revision 1.28)
)
(C:\Programs\MiKTeX2.5\tex\latex\beamer\themes\inner\beamerinnerthemedefault.st
y
Package: beamerinnerthemedefault 2007/01/28  (rcs-revision 1.20)
\beamer@dima=\dimen176
\beamer@dimb=\dimen177
)
(C:\Programs\MiKTeX2.5\tex\latex\beamer\themes\outer\beamerouterthemedefault.st
y
Package: beamerouterthemedefault 2007/01/28  (rcs-revision 1.14)
))) (C:\Programs\MiKTeX2.5\tex\latex\base\inputenc.sty
Package: inputenc 2006/05/05 v1.1b Input encoding file
\inpenc@prehook=\toks35
\inpenc@posthook=\toks36

(C:\Programs\MiKTeX2.5\tex\latex\base\utf8.def
File: utf8.def 2006/03/30 v1.1i UTF-8 support for inputenc
Now handling font encoding OML ...
... no UTF-8 mapping file for font encoding OML
Now handling font encoding T1 ...
... processing UTF-8 mapping file for font encodingT1

(C:\Programs\MiKTeX2.5\tex\latex\base\t1enc.dfu
File: t1enc.dfu 2006/03/30 v1.1i UTF-8 support for inputenc
   defining Unicode char U+00A1 (decimal 161)
   defining Unicode char U+00A3 (decimal 163)
   defining Unicode char U+00AB (decimal 171)
   defining Unicode char U+00BB (decimal 187)
   defining Unicode char U+00BF (decimal 191)
   defining Unicode char U+00C0 (decimal 192)
   defining Unicode char U+00C1 (decimal 193)
   defining Unicode char U+00C2 (decimal 194)
   defining Unicode char U+00C3 (decimal 195)
   defining Unicode char U+00C4 (decimal 196)
   defining Unicode char U+00C5 (decimal 197)
   defining Unicode char U+00C6 (decimal 198)
   defining Unicode char U+00C7 (decimal 199)
   defining Unicode char U+00C8 (decimal 200)
   defining Unicode char U+00C9 (decimal 201)
   defining Unicode char U+00CA (decimal 202)
   defining Unicode char U+00CB (decimal 203)
   defining Unicode char U+00CC (decimal 204)
   defining Unicode char U+00CD (decimal 205)
   defining Unicode char U+00CE (decimal 206)
   defining Unicode char U+00CF (decimal 207)
   defining Unicode char U+00D0 (decimal 208)
   defining Unicode char U+00D1 (decimal 209)
   defining Unicode char U+00D2 (decimal 210)
   defining Unicode char U+00D3 (decimal 211)
   defining Unicode char U+00D4 (decimal 212)
   defining Unicode char U+00D5 (decimal 213)
   defining Unicode char U+00D6 (decimal 214)
   defining Unicode char U+00D8 (decimal 216)
   defining Unicode char U+00D9 (decimal 217)
   defining Unicode char U+00DA (decimal 218)
   defining Unicode char U+00DB (decimal 219)
   defining Unicode char U+00DC (decimal 220)
   defining Unicode char U+00DD (decimal 221)
   defining Unicode char U+00DE (decimal 222)
   defining Unicode char U+00DF (decimal 223)
   defining Unicode char U+00E0 (decimal 224)
   defining Unicode char U+00E1 (decimal 225)
   defining Unicode char U+00E2 (decimal 226)
   defining Unicode char U+00E3 (decimal 227)
   defining Unicode char U+00E4 (decimal 228)
   defining Unicode char U+00E5 (decimal 229)
   defining Unicode char U+00E6 (decimal 230)
   defining Unicode char U+00E7 (decimal 231)
   defining Unicode char U+00E8 (decimal 232)
   defining Unicode char U+00E9 (decimal 233)
   defining Unicode char U+00EA (decimal 234)
   defining Unicode char U+00EB (decimal 235)
   defining Unicode char U+00EC (decimal 236)
   defining Unicode char U+00ED (decimal 237)
   defining Unicode char U+00EE (decimal 238)
   defining Unicode char U+00EF (decimal 239)
   defining Unicode char U+00F0 (decimal 240)
   defining Unicode char U+00F1 (decimal 241)
   defining Unicode char U+00F2 (decimal 242)
   defining Unicode char U+00F3 (decimal 243)
   defining Unicode char U+00F4 (decimal 244)
   defining Unicode char U+00F5 (decimal 245)
   defining Unicode char U+00F6 (decimal 246)
   defining Unicode char U+00F8 (decimal 248)
   defining Unicode char U+00F9 (decimal 249)
   defining Unicode char U+00FA (decimal 250)
   defining Unicode char U+00FB (decimal 251)
   defining Unicode char U+00FC (decimal 252)
   defining Unicode char U+00FD (decimal 253)
   defining Unicode char U+00FE (decimal 254)
   defining Unicode char U+00FF (decimal 255)
   defining Unicode char U+0102 (decimal 258)
   defining Unicode char U+0103 (decimal 259)
   defining Unicode char U+0104 (decimal 260)
   defining Unicode char U+0105 (decimal 261)
   defining Unicode char U+0106 (decimal 262)
   defining Unicode char U+0107 (decimal 263)
   defining Unicode char U+010C (decimal 268)
   defining Unicode char U+010D (decimal 269)
   defining Unicode char U+010E (decimal 270)
   defining Unicode char U+010F (decimal 271)
   defining Unicode char U+0110 (decimal 272)
   defining Unicode char U+0111 (decimal 273)
   defining Unicode char U+0118 (decimal 280)
   defining Unicode char U+0119 (decimal 281)
   defining Unicode char U+011A (decimal 282)
   defining Unicode char U+011B (decimal 283)
   defining Unicode char U+011E (decimal 286)
   defining Unicode char U+011F (decimal 287)
   defining Unicode char U+0130 (decimal 304)
   defining Unicode char U+0131 (decimal 305)
   defining Unicode char U+0132 (decimal 306)
   defining Unicode char U+0133 (decimal 307)
   defining Unicode char U+0139 (decimal 313)
   defining Unicode char U+013A (decimal 314)
   defining Unicode char U+013D (decimal 317)
   defining Unicode char U+013E (decimal 318)
   defining Unicode char U+0141 (decimal 321)
   defining Unicode char U+0142 (decimal 322)
   defining Unicode char U+0143 (decimal 323)
   defining Unicode char U+0144 (decimal 324)
   defining Unicode char U+0147 (decimal 327)
   defining Unicode char U+0148 (decimal 328)
   defining Unicode char U+014A (decimal 330)
   defining Unicode char U+014B (decimal 331)
   defining Unicode char U+0150 (decimal 336)
   defining Unicode char U+0151 (decimal 337)
   defining Unicode char U+0152 (decimal 338)
   defining Unicode char U+0153 (decimal 339)
   defining Unicode char U+0154 (decimal 340)
   defining Unicode char U+0155 (decimal 341)
   defining Unicode char U+0158 (decimal 344)
   defining Unicode char U+0159 (decimal 345)
   defining Unicode char U+015A (decimal 346)
   defining Unicode char U+015B (decimal 347)
   defining Unicode char U+015E (decimal 350)
   defining Unicode char U+015F (decimal 351)
   defining Unicode char U+0160 (decimal 352)
   defining Unicode char U+0161 (decimal 353)
   defining Unicode char U+0162 (decimal 354)
   defining Unicode char U+0163 (decimal 355)
   defining Unicode char U+0164 (decimal 356)
   defining Unicode char U+0165 (decimal 357)
   defining Unicode char U+016E (decimal 366)
   defining Unicode char U+016F (decimal 367)
   defining Unicode char U+0170 (decimal 368)
   defining Unicode char U+0171 (decimal 369)
   defining Unicode char U+0178 (decimal 376)
   defining Unicode char U+0179 (decimal 377)
   defining Unicode char U+017A (decimal 378)
   defining Unicode char U+017B (decimal 379)
   defining Unicode char U+017C (decimal 380)
   defining Unicode char U+017D (decimal 381)
   defining Unicode char U+017E (decimal 382)
   defining Unicode char U+200C (decimal 8204)
   defining Unicode char U+2013 (decimal 8211)
   defining Unicode char U+2014 (decimal 8212)
   defining Unicode char U+2018 (decimal 8216)
   defining Unicode char U+2019 (decimal 8217)
   defining Unicode char U+201A (decimal 8218)
   defining Unicode char U+201C (decimal 8220)
   defining Unicode char U+201D (decimal 8221)
   defining Unicode char U+201E (decimal 8222)
   defining Unicode char U+2030 (decimal 8240)
   defining Unicode char U+2031 (decimal 8241)
   defining Unicode char U+2039 (decimal 8249)
   defining Unicode char U+203A (decimal 8250)
   defining Unicode char U+2423 (decimal 9251)
)
Now handling font encoding OT1 ...
... processing UTF-8 mapping file for font encodingOT1

(C:\Programs\MiKTeX2.5\tex\latex\base\ot1enc.dfu
File: ot1enc.dfu 2006/03/30 v1.1i UTF-8 support for inputenc
   defining Unicode char U+00A1 (decimal 161)
   defining Unicode char U+00A3 (decimal 163)
   defining Unicode char U+00B8 (decimal 184)
   defining Unicode char U+00BF (decimal 191)
   defining Unicode char U+00C5 (decimal 197)
   defining Unicode char U+00C6 (decimal 198)
   defining Unicode char U+00D8 (decimal 216)
   defining Unicode char U+00DF (decimal 223)
   defining Unicode char U+00E6 (decimal 230)
   defining Unicode char U+00EC (decimal 236)
   defining Unicode char U+00ED (decimal 237)
   defining Unicode char U+00EE (decimal 238)
   defining Unicode char U+00EF (decimal 239)
   defining Unicode char U+00F8 (decimal 248)
   defining Unicode char U+0131 (decimal 305)
   defining Unicode char U+0141 (decimal 321)
   defining Unicode char U+0142 (decimal 322)
   defining Unicode char U+0152 (decimal 338)
   defining Unicode char U+0153 (decimal 339)
   defining Unicode char U+2013 (decimal 8211)
   defining Unicode char U+2014 (decimal 8212)
   defining Unicode char U+2018 (decimal 8216)
   defining Unicode char U+2019 (decimal 8217)
   defining Unicode char U+201C (decimal 8220)
   defining Unicode char U+201D (decimal 8221)
)
Now handling font encoding OMS ...
... processing UTF-8 mapping file for font encodingOMS

(C:\Programs\MiKTeX2.5\tex\latex\base\omsenc.dfu
File: omsenc.dfu 2006/03/30 v1.1i UTF-8 support for inputenc
   defining Unicode char U+00A7 (decimal 167)
   defining Unicode char U+00B6 (decimal 182)
   defining Unicode char U+00B7 (decimal 183)
   defining Unicode char U+2020 (decimal 8224)
   defining Unicode char U+2021 (decimal 8225)
   defining Unicode char U+2022 (decimal 8226)
)
Now handling font encoding OMX ...
... no UTF-8 mapping file for font encoding OMX
Now handling font encoding U ...
... no UTF-8 mapping file for font encoding U
Now handling font encoding PD1 ...
... no UTF-8 mapping file for font encoding PD1
   defining Unicode char U+00A9 (decimal 169)
   defining Unicode char U+00AA (decimal 170)
   defining Unicode char U+00AE (decimal 174)
   defining Unicode char U+00BA (decimal 186)
   defining Unicode char U+02C6 (decimal 710)
   defining Unicode char U+02DC (decimal 732)
   defining Unicode char U+200C (decimal 8204)
   defining Unicode char U+2026 (decimal 8230)
   defining Unicode char U+2122 (decimal 8482)
   defining Unicode char U+2423 (decimal 9251)
))
(C:\Programs\MiKTeX2.5\tex\latex\base\fontenc.sty
Package: fontenc 2005/09/27 v1.99g Standard LaTeX package

(C:\Programs\MiKTeX2.5\tex\latex\base\t1enc.def
File: t1enc.def 2005/09/27 v1.99g Standard LaTeX file
LaTeX Font Info:    Redeclaring font encoding T1 on input line 43.
)) (dwlecture.sty
(C:\Programs\MiKTeX2.5\tex\latex\fancyvrb\fancyvrb.sty
Package: fancyvrb 1998/07/17

Style option: `fancyvrb' v2.6, with DG/SPQR fixes <1998/07/17> (tvz)
\FV@CodeLineNo=\count147
\FV@InFile=\read1
\FV@TabBox=\box50
\c@FancyVerbLine=\count148
\FV@StepNumber=\count149
\FV@OutFile=\write4

No file fancyvrb.cfg.
) (C:\Programs\MiKTeX2.5\tex\latex\textpos\textpos.sty
Package: textpos 2006/09/02 v1.7a

Package: `textpos' 1.7a <2006 September 2>
(C:\Programs\MiKTeX2.5\tex\latex\ms\everyshi.sty
Package: everyshi 2001/05/15 v3.00 EveryShipout Package (MS)
)
\TP@textbox=\box51
\TP@holdbox=\box52
\TPHorizModule=\dimen178
\TPVertModule=\dimen179
\TP@margin=\dimen180
\TP@absmargin=\dimen181

Grid set 16 x 16 = 22.7622pt x 17.07166pt
\TPboxrulesize=\dimen182
\TP@ox=\dimen183
\TP@oy=\dimen184
\TP@tbargs=\toks37
\TP@prevdepth=\dimen185
TextBlockOrigin set to 0pt x 0pt
)
TextBlockOrigin set to 0cm x 0cm
(C:\Programs\MiKTeX2.5\tex\latex\pgf\basiclayer\pgf.sty
Package: pgf 2006/10/11 v1.10 (rcs-revision 1.7)

(C:\Programs\MiKTeX2.5\tex\latex\pgf\basiclayer\pgfbaseshapes.sty
(C:\Programs\MiKTeX2.5\tex\generic\pgf\basiclayer\pgfbaseshapes.code.tex
Package: pgfbaseshapes 2006/10/16 v1.10 (rcs-revision 1.16)
\pgfnodeparttextbox=\box53
))
(C:\Programs\MiKTeX2.5\tex\latex\pgf\basiclayer\pgfbaseplot.sty
(C:\Programs\MiKTeX2.5\tex\generic\pgf\basiclayer\pgfbaseplot.code.tex
Package: pgfbaseplot 2006/10/16 v1.10 (rcs-revision 1.5)
\pgf@plotwrite=\write5
))
(C:\Programs\MiKTeX2.5\tex\latex\pgf\basiclayer\pgfbaselayers.sty
(C:\Programs\MiKTeX2.5\tex\generic\pgf\basiclayer\pgfbaselayers.code.tex
Package: pgfbaselayers 2006/10/16 v1.10 (rcs-revision 1.5)
))
(C:\Programs\MiKTeX2.5\tex\latex\pgf\basiclayer\pgfbasesnakes.sty
(C:\Programs\MiKTeX2.5\tex\generic\pgf\basiclayer\pgfbasesnakes.code.tex
Package: pgfbasesnakes 2006/10/16 v1.10 (rcs-revision 1.10)
\pgfsnakeremainingdistance=\dimen186
\pgfsnakecompleteddistance=\dimen187
))
(C:\Programs\MiKTeX2.5\tex\latex\pgf\basiclayer\pgfbasepatterns.sty
(C:\Programs\MiKTeX2.5\tex\generic\pgf\basiclayer\pgfbasepatterns.code.tex
Package: pgfbasepatterns 2006/10/16 v1.10 (rcs-revision 1.9)
))
(C:\Programs\MiKTeX2.5\tex\latex\pgf\compatibility\pgfcomp-version-0-65.sty
Package: pgfcomp-version-0-65 2006/10/11 v1.10 (rcs-revision 1.4)
\pgf@nodesepstart=\dimen188
\pgf@nodesepend=\dimen189
))
(C:\Programs\MiKTeX2.5\tex\latex\beamer\themes\outer\beamerouterthemesplit.sty
Package: beamerouterthemesplit 2007/01/28  (rcs-revision 1.5)
)
(C:\Programs\MiKTeX2.5\tex\latex\beamer\themes\inner\beamerinnerthemerectangles
.sty
Package: beamerinnerthemerectangles 2007/01/28  (rcs-revision 1.4)
)
\capbox=\box54
\capwidth=\skip55
 (C:\Programs\MiKTeX2.5\tex\latex\luxi\luximono.sty
Package: luximono 2004/01/26 loading LuxiMono as tt font (WaS)
)
(C:\Programs\MiKTeX2.5\tex\latex\listings\listings.sty
\lst@mode=\count150
\lst@gtempboxa=\box55
\lst@token=\toks38
\lst@length=\count151
\lst@currlwidth=\dimen190
\lst@column=\count152
\lst@pos=\count153
\lst@lostspace=\dimen191
\lst@width=\dimen192
\lst@newlines=\count154
\lst@lineno=\count155
\c@lstlisting=\count156
\lst@maxwidth=\dimen193

(C:\Programs\MiKTeX2.5\tex\latex\listings\lstpatch.sty
File: lstpatch.sty 2004/10/17 1.3b (Carsten Heinz)
)
(C:\Programs\MiKTeX2.5\tex\latex\listings\lstmisc.sty
File: lstmisc.sty 2004/09/07 1.3 (Carsten Heinz)
\c@lstnumber=\count157
\lst@skipnumbers=\count158
\lst@framebox=\box56
)
(C:\Programs\MiKTeX2.5\tex\latex\listings\listings.cfg
File: listings.cfg 2004/09/05 1.3 listings configuration
))
Package: listings 2004/10/17 1.3b (Carsten Heinz)

(C:\Programs\MiKTeX2.5\tex\latex\listings\lstlang1.sty
File: lstlang1.sty 2004/09/05 1.3 listings language file
))
(C:\Programs\MiKTeX2.5\tex\latex\pgf\frontendlayer\tikz.sty
(C:\Programs\MiKTeX2.5\tex\latex\tools\calc.sty
Package: calc 2005/08/06 v4.2 Infix arithmetic (KKT,FJ)
\calc@Acount=\count159
\calc@Bcount=\count160
\calc@Adimen=\dimen194
\calc@Bdimen=\dimen195
\calc@Askip=\skip56
\calc@Bskip=\skip57
LaTeX Info: Redefining \setlength on input line 75.
LaTeX Info: Redefining \addtolength on input line 76.
\calc@Ccount=\count161
\calc@Cskip=\skip58
)
(C:\Programs\MiKTeX2.5\tex\latex\pgf\utilities\pgffor.sty
(C:\Programs\MiKTeX2.5\tex\generic\pgf\utilities\pgffor.code.tex
Package: pgffor 2006/10/16 v1.10 (rcs-revision 1.5)
\pgffor@iter=\dimen196
\pgffor@skip=\dimen197
))
(C:\Programs\MiKTeX2.5\tex\latex\xkeyval\xkeyval.sty
Package: xkeyval 2006/11/18 v2.5f package option processing (HA)

(C:\Programs\MiKTeX2.5\tex\generic\xkeyval\xkeyval.tex
\XKV@toks=\toks39
\XKV@depth=\count162
File: xkeyval.tex 2006/11/18 v2.5f key=value parser (HA)
))
(C:\Programs\MiKTeX2.5\tex\generic\pgf\frontendlayer\tikz.code.tex
Package: tikz 2006/10/17 v1.10 (rcs-revision 1.68)

(C:\Programs\MiKTeX2.5\tex\generic\pgf\libraries\pgflibraryplothandlers.code.te
x
File: pgflibraryplothandlers.code.tex 2006/10/16 v1.10 (rcs-revision 1.8)
\pgf@plot@mark@count=\count163
\pgfplotmarksize=\dimen198
)
\tikz@lastx=\dimen199
\tikz@lasty=\dimen200
\tikz@lastxsaved=\dimen201
\tikz@lastysaved=\dimen202
\tikzleveldistance=\dimen203
\tikzsiblingdistance=\dimen204
\tikz@figbox=\box57
\tikz@tempbox=\box58
\tikztreelevel=\count164
\tikznumberofchildren=\count165
\tikznumberofcurrentchild=\count166
\tikz@fig@count=\count167
\tikz@expandcount=\count168

(C:\Programs\MiKTeX2.5\tex\generic\pgf\libraries\pgflibrarytikztopaths.code.tex
File: pgflibrarytikztopaths.code.tex 2006/10/16 v1.10 (rcs-revision 1.5)
))) (seminar2.aux)
LaTeX Font Info:    Checking defaults for OML/cmm/m/it on input line 37.
LaTeX Font Info:    ... okay on input line 37.
LaTeX Font Info:    Checking defaults for T1/cmr/m/n on input line 37.
LaTeX Font Info:    ... okay on input line 37.
LaTeX Font Info:    Checking defaults for OT1/cmr/m/n on input line 37.
LaTeX Font Info:    ... okay on input line 37.
LaTeX Font Info:    Checking defaults for OMS/cmsy/m/n on input line 37.
LaTeX Font Info:    ... okay on input line 37.
LaTeX Font Info:    Checking defaults for OMX/cmex/m/n on input line 37.
LaTeX Font Info:    ... okay on input line 37.
LaTeX Font Info:    Checking defaults for U/cmr/m/n on input line 37.
LaTeX Font Info:    ... okay on input line 37.
LaTeX Font Info:    Checking defaults for PD1/pdf/m/n on input line 37.
LaTeX Font Info:    ... okay on input line 37.
 (C:\Programs\MiKTeX2.5\tex\context\base\supp-pdf.tex
(C:\Programs\MiKTeX2.5\tex\context\base\supp-mis.tex
loading : Context Support Macros / Miscellaneous (2004.10.26)
\protectiondepth=\count169
\scratchcounter=\count170
\scratchtoks=\toks40
\scratchdimen=\dimen205
\scratchskip=\skip59
\scratchmuskip=\muskip12
\scratchbox=\box59
\scratchread=\read2
\scratchwrite=\write6
\zeropoint=\dimen206
\onepoint=\dimen207
\onebasepoint=\dimen208
\minusone=\count171
\thousandpoint=\dimen209
\onerealpoint=\dimen210
\emptytoks=\toks41
\nextbox=\box60
\nextdepth=\dimen211
\everyline=\toks42
\!!counta=\count172
\!!countb=\count173
\recursecounter=\count174
)
loading : Context Support Macros / PDF (2004.03.26)
\nofMPsegments=\count175
\nofMParguments=\count176
\MPscratchCnt=\count177
\MPscratchDim=\dimen212
\MPnumerator=\count178
\everyMPtoPDFconversion=\toks43
)
-------------------- Geometry parameters
paper: user defined
landscape: --
twocolumn: --
twoside: --
asymmetric: --
h-parts: 28.45274pt, 307.28987pt, 28.45274pt
v-parts: 0.0pt, 273.14662pt, 0.0pt
hmarginratio: --
vmarginratio: --
lines: --
heightrounded: --
bindingoffset: 0.0pt
truedimen: --
includehead: true
includefoot: true
includemp: --
driver: pdftex
-------------------- Page layout dimensions and switches
\paperwidth  364.19536pt
\paperheight 273.14662pt
\textwidth  307.28987pt
\textheight 244.6939pt
\oddsidemargin  -43.81725pt
\evensidemargin -43.81725pt
\topmargin  -72.26999pt
\headheight 14.22636pt
\headsep    0.0pt
\footskip   14.22636pt
\marginparwidth 4.0pt
\marginparsep   10.0pt
\columnsep  10.0pt
\skip\footins  10.0pt plus 4.0pt minus 2.0pt
\hoffset 0.0pt
\voffset 0.0pt
\mag 1000

(1in=72.27pt, 1cm=28.45pt)
-----------------------
Package hyperref Info: Link coloring OFF on input line 37.
 (C:\Programs\MiKTeX2.5\tex\latex\hyperref\nameref.sty
Package: nameref 2006/08/15 v2.26 Cross-referencing by name of section

(C:\Programs\MiKTeX2.5\tex\latex\oberdiek\refcount.sty
Package: refcount 2006/02/20 v3.0 Data extraction from references (HO)
)
\c@section@level=\count179
)
LaTeX Info: Redefining \ref on input line 37.
LaTeX Info: Redefining \pageref on input line 37.
 (seminar2.out)
(seminar2.out)
\@outlinefile=\write7
LaTeX Font Info:    Overwriting symbol font `operators' in version `normal'
(Font)                  OT1/cmr/m/n --> OT1/cmss/m/n on input line 37.
LaTeX Font Info:    Overwriting symbol font `operators' in version `bold'
(Font)                  OT1/cmr/bx/n --> OT1/cmss/bx/n on input line 37.
\symnumbers=\mathgroup6
\sympureletters=\mathgroup7
LaTeX Font Info:    Overwriting math alphabet `\mathrm' in version `normal'
(Font)                  OT1/cmss/m/n --> T1/cmr/m/n on input line 37.
LaTeX Font Info:    Redeclaring math alphabet \mathbf on input line 37.
LaTeX Font Info:    Overwriting math alphabet `\mathbf' in version `normal'
(Font)                  OT1/cmr/bx/n --> T1/cmss/bx/n on input line 37.
LaTeX Font Info:    Overwriting math alphabet `\mathbf' in version `bold'
(Font)                  OT1/cmr/bx/n --> T1/cmss/bx/n on input line 37.
LaTeX Font Info:    Redeclaring math alphabet \mathsf on input line 37.
LaTeX Font Info:    Overwriting math alphabet `\mathsf' in version `normal'
(Font)                  OT1/cmss/m/n --> T1/cmss/m/n on input line 37.
LaTeX Font Info:    Overwriting math alphabet `\mathsf' in version `bold'
(Font)                  OT1/cmss/bx/n --> T1/cmss/m/n on input line 37.
LaTeX Font Info:    Redeclaring math alphabet \mathit on input line 37.
LaTeX Font Info:    Overwriting math alphabet `\mathit' in version `normal'
(Font)                  OT1/cmr/m/it --> T1/cmss/m/it on input line 37.
LaTeX Font Info:    Overwriting math alphabet `\mathit' in version `bold'
(Font)                  OT1/cmr/bx/it --> T1/cmss/m/it on input line 37.
LaTeX Font Info:    Redeclaring math alphabet \mathtt on input line 37.
LaTeX Font Info:    Overwriting math alphabet `\mathtt' in version `normal'
(Font)                  OT1/cmtt/m/n --> T1/ul9/m/n on input line 37.
LaTeX Font Info:    Overwriting math alphabet `\mathtt' in version `bold'
(Font)                  OT1/cmtt/m/n --> T1/ul9/m/n on input line 37.
LaTeX Font Info:    Overwriting symbol font `numbers' in version `bold'
(Font)                  T1/cmss/m/n --> T1/cmss/bx/n on input line 37.
LaTeX Font Info:    Overwriting symbol font `pureletters' in version `bold'
(Font)                  T1/cmss/m/it --> T1/cmss/bx/it on input line 37.
LaTeX Font Info:    Overwriting math alphabet `\mathrm' in version `bold'
(Font)                  OT1/cmss/bx/n --> T1/cmr/bx/n on input line 37.
LaTeX Font Info:    Overwriting math alphabet `\mathbf' in version `bold'
(Font)                  T1/cmss/bx/n --> T1/cmss/bx/n on input line 37.
LaTeX Font Info:    Overwriting math alphabet `\mathsf' in version `bold'
(Font)                  T1/cmss/m/n --> T1/cmss/bx/n on input line 37.
LaTeX Font Info:    Overwriting math alphabet `\mathit' in version `bold'
(Font)                  T1/cmss/m/it --> T1/cmss/bx/it on input line 37.
LaTeX Font Info:    Overwriting math alphabet `\mathtt' in version `bold'
(Font)                  T1/ul9/m/n --> T1/ul9/bx/n on input line 37.
 ABD: EveryShipout initializing macros (seminar2.nav)
<figures/template/logo-pp.pdf, id=55, 469.755pt x 469.755pt>
File: figures/template/logo-pp.pdf Graphic file (type pdf)

<use figures/template/logo-pp.pdf>
Overfull \hbox (335.74245pt too wide) in paragraph at lines 51--51
[][] 
 []

[1

{psfonts.map} <figures/template/logo-pp.pdf>]

LaTeX Font Warning: Font shape `T1/cmss/m/n' in size <4> not available
(Font)              size <5> substituted on input line 63.

[2

] [3

] [4

] [5

] [6

] [7

] <figures/process1.png, id=156, 897.3525pt x 429.605pt>
File: figures/process1.png Graphic file (type png)

<use figures/process1.png> [8

 <figures/process1.png (PNG copy)>]
<figures/process2.png, id=162, 844.15375pt x 415.5525pt>
File: figures/process2.png Graphic file (type png)

<use figures/process2.png> [9

 <figures/process2.png (PNG copy)>] [10

] [11

]
[12

]
LaTeX Font Info:    Try loading font information for T1+ul9 on input line 182.
 (C:\Programs\MiKTeX2.5\tex\latex\luxi\t1ul9.fd
File: t1ul9.fd 2003/03/02 font definitions for LuxiMono T1/ul9
)
LaTeX Font Info:    Font shape `T1/ul9/m/n' will be
(Font)              scaled to size 7.82996pt on input line 182.
LaTeX Font Info:    Font shape `T1/ul9/m/n' will be
(Font)              scaled to size 9.52644pt on input line 184.
LaTeX Font Info:    Font shape `T1/ul9/m/n' will be
(Font)              scaled to size 6.95996pt on input line 184.

(C:\Programs\MiKTeX2.5\tex\latex\base\utf8.def
File: utf8.def 2006/03/30 v1.1i UTF-8 support for inputenc
)
LaTeX Font Info:    Font shape `T1/ul9/bx/n' in size <8> not available
(Font)              Font shape `T1/ul9/b/n' tried instead on input line 185.
LaTeX Font Info:    Font shape `T1/ul9/b/n' will be
(Font)              scaled to size 6.95996pt on input line 185.

(C:\Programs\MiKTeX2.5\tex\latex\base\utf8.def
File: utf8.def 2006/03/30 v1.1i UTF-8 support for inputenc
) [13

] [14

] [15

]
(C:\Programs\MiKTeX2.5\tex\latex\listings\lstlang1.sty
File: lstlang1.sty 2004/09/05 1.3 listings language file
)
(C:\Programs\MiKTeX2.5\tex\latex\listings\lstmisc.sty
File: lstmisc.sty 2004/09/07 1.3 (Carsten Heinz)
)
(C:\Programs\MiKTeX2.5\tex\latex\base\utf8.def
File: utf8.def 2006/03/30 v1.1i UTF-8 support for inputenc
) [16

]
<figures/1.png, id=250, 318.18875pt x 443.6575pt>
File: figures/1.png Graphic file (type png)
 <use figures/1.png>
<figures/2.png, id=251, 724.7075pt x 334.24875pt>
File: figures/2.png Graphic file (type png)
 <use figures/2.png> [17

 <figures/2.png (PNG copy)> <figures/1.png (PNG copy)>] [18

] [19

] [20

]
\tf@nav=\write8
\tf@toc=\write9
\tf@snm=\write10
 (seminar2.aux)

LaTeX Font Warning: Size substitutions with differences
(Font)              up to 1.0pt have occurred.

 ) 
Here is how much of TeX's memory you used:
 13285 strings out of 95419
 212573 string characters out of 1187468
 309777 words of memory out of 1297605
 15619 multiletter control sequences out of 60000
 13370 words of font info for 32 fonts, out of 1000000 for 2000
 14 hyphenation exceptions out of 8191
 41i,16n,69p,316b,1704s stack positions out of 5000i,500n,10000p,200000b,32768s
PDF statistics:
 266 PDF objects out of 300000
 44 named destinations out of 300000
 162 words of extra memory for PDF output out of 10000
{8r.enc}<C:/Programs/MiKTeX2.5/fonts/type1/public/luxi/ul9r8a.pfb><C:/Program
s/MiKTeX2.5/fonts/type1/public/luxi/ul9b8a.pfb> <C:\Documents and Settings\cons
ileonpl14\Local Settings\Application Data\MiKTeX\2.5\fonts\pk\ljfour\jknappen\e
c\dpi600\ecss0900.pk> <C:\Documents and Settings\consileonpl14\Local Settings\A
pplication Data\MiKTeX\2.5\fonts\pk\ljfour\jknappen\ec\dpi600\ecsx1095.pk> <C:\
Documents and Settings\consileonpl14\Local Settings\Application Data\MiKTeX\2.5
\fonts\pk\ljfour\jknappen\ec\dpi600\ecss1200.pk> <C:\Documents and Settings\con
sileonpl14\Local Settings\Application Data\MiKTeX\2.5\fonts\pk\ljfour\jknappen\
ec\dpi600\ecsx1440.pk> <C:\Documents and Settings\consileonpl14\Local Settings\
Application Data\MiKTeX\2.5\fonts\pk\ljfour\jknappen\ec\dpi600\ecss0600.pk> <C:
\Documents and Settings\consileonpl14\Local Settings\Application Data\MiKTeX\2.
5\fonts\pk\ljfour\jknappen\ec\dpi600\ecss0800.pk> <C:\Documents and Settings\co
nsileonpl14\Local Settings\Application Data\MiKTeX\2.5\fonts\pk\ljfour\jknappen
\ec\dpi600\ecss1095.pk> <C:\Documents and Settings\consileonpl14\Local Settings
\Application Data\MiKTeX\2.5\fonts\pk\ljfour\jknappen\ec\dpi600\ecss1440.pk>
Output written on seminar2.pdf (20 pages, 402197 bytes).
