\BOOKMARK [0][]{chapter.1}{\376\377\0001\000\040\000I\000n\000t\000r\000o\000d\000u\000c\000t\000i\000o\000n}{}
\BOOKMARK [1][]{section.1.1}{\376\377\0001\000.\0001\000\040\000O\000v\000e\000r\000v\000i\000e\000w}{chapter.1}
\BOOKMARK [2][]{subsection.1.1.1}{\376\377\0001\000.\0001\000.\0001\000\040\000M\000o\000b\000i\000l\000e\000\040\000A\000p\000p\000l\000i\000c\000a\000t\000i\000o\000n\000\040\000D\000e\000v\000e\000l\000o\000p\000m\000e\000n\000t}{section.1.1}
\BOOKMARK [2][]{subsection.1.1.2}{\376\377\0001\000.\0001\000.\0002\000\040\000P\000r\000o\000b\000l\000e\000m\000s\000\040\000o\000f\000\040\000G\000U\000I\000\040\000T\000e\000s\000t\000i\000n\000g}{section.1.1}
\BOOKMARK [1][]{section.1.2}{\376\377\0001\000.\0002\000\040\000M\000o\000t\000i\000v\000a\000t\000i\000o\000n\000\040\000a\000n\000d\000\040\000G\000o\000a\000l\000s}{chapter.1}
\BOOKMARK [1][]{section.1.3}{\376\377\0001\000.\0003\000\040\000T\000h\000e\000s\000i\000s\000\040\000O\000u\000t\000l\000i\000n\000e}{chapter.1}
\BOOKMARK [0][]{chapter.2}{\376\377\0002\000\040\000B\000a\000c\000k\000g\000r\000o\000u\000n\000d}{}
\BOOKMARK [1][]{section.2.1}{\376\377\0002\000.\0001\000\040\000A\000p\000p\000r\000o\000a\000c\000h\000e\000s\000\040\000t\000o\000\040\000S\000o\000f\000t\000w\000a\000r\000e\000\040\000T\000e\000s\000t\000i\000n\000g}{chapter.2}
\BOOKMARK [1][]{section.2.2}{\376\377\0002\000.\0002\000\040\000R\000e\000v\000i\000e\000w\000\040\000o\000f\000\040\000E\000x\000i\000s\000t\000i\000n\000g\000\040\000T\000e\000s\000t\000i\000n\000g\000\040\000F\000r\000a\000m\000e\000w\000o\000r\000k\000s}{chapter.2}
\BOOKMARK [1][]{section.2.3}{\376\377\0002\000.\0003\000\040\000J\0002\000M\000E\000\040\000A\000r\000c\000h\000i\000t\000e\000c\000t\000u\000r\000e}{chapter.2}
\BOOKMARK [2][]{subsection.2.3.1}{\376\377\0002\000.\0003\000.\0001\000\040\000E\000v\000e\000n\000t\000\040\000H\000a\000n\000d\000l\000i\000n\000g}{section.2.3}
\BOOKMARK [2][]{subsection.2.3.2}{\376\377\0002\000.\0003\000.\0002\000\040\000U\000s\000e\000r\000\040\000I\000n\000t\000e\000r\000f\000a\000c\000e\000s}{section.2.3}
\BOOKMARK [0][]{chapter.3}{\376\377\0003\000\040\000R\000o\000b\000o\000t\000M\000E\000\040\000F\000r\000a\000m\000e\000w\000o\000r\000k\000\040\000D\000e\000s\000i\000g\000n}{}
\BOOKMARK [1][]{section.3.1}{\376\377\0003\000.\0001\000\040\000P\000r\000o\000b\000l\000e\000m\000s}{chapter.3}
\BOOKMARK [2][]{subsection.3.1.1}{\376\377\0003\000.\0001\000.\0001\000\040\000A\000\040\000C\000o\000m\000m\000a\000n\000d\000\040\000o\000b\000j\000e\000c\000t\000\040\000b\000e\000i\000n\000g\000\040\000a\000d\000d\000e\000d\000\040\000t\000o\000\040\000a\000\040\000F\000o\000r\000m}{section.3.1}
\BOOKMARK [2][]{subsection.3.1.2}{\376\377\0003\000.\0001\000.\0002\000\040\000S\000u\000b\000c\000l\000a\000s\000s\000i\000n\000g\000\040\000t\000h\000e\000\040\000F\000o\000r\000m\000\040\000c\000l\000a\000s\000s}{section.3.1}
\BOOKMARK [2][]{subsection.3.1.3}{\376\377\0003\000.\0001\000.\0003\000\040\000I\000n\000j\000e\000c\000t\000i\000o\000n\000\040\000p\000o\000i\000n\000t\000s\000\040\000r\000e\000l\000a\000t\000e\000d\000\040\000t\000o\000\040\000l\000i\000s\000t\000e\000n\000e\000r\000s}{section.3.1}
\BOOKMARK [2][]{subsection.3.1.4}{\376\377\0003\000.\0001\000.\0004\000\040\000S\000t\000o\000r\000a\000g\000e\000\040\000f\000o\000r\000\040\000r\000e\000c\000o\000r\000d\000e\000d\000\040\000e\000v\000e\000n\000t\000s}{section.3.1}
\BOOKMARK [1][]{section.3.2}{\376\377\0003\000.\0002\000\040\000H\000i\000g\000h\000-\000l\000e\000v\000e\000l\000\040\000A\000r\000c\000h\000i\000t\000e\000c\000t\000u\000r\000e}{chapter.3}
\BOOKMARK [1][]{section.3.3}{\376\377\0003\000.\0003\000\040\000R\000e\000c\000o\000r\000d\000e\000d\000\040\000E\000v\000e\000n\000t\000\040\000T\000y\000p\000e\000s}{chapter.3}
\BOOKMARK [0][]{chapter.4}{\376\377\0004\000\040\000R\000o\000b\000o\000t\000M\000E\000:\000\040\000I\000m\000p\000l\000e\000m\000e\000n\000t\000a\000t\000i\000o\000n}{}
\BOOKMARK [1][]{section.4.1}{\376\377\0004\000.\0001\000\040\000S\000y\000s\000t\000e\000m\000\040\000C\000o\000m\000p\000o\000n\000e\000n\000t\000s}{chapter.4}
\BOOKMARK [2][]{subsection.4.1.1}{\376\377\0004\000.\0001\000.\0001\000\040\000E\000n\000h\000a\000n\000c\000e\000r}{section.4.1}
\BOOKMARK [2][]{subsection.4.1.2}{\376\377\0004\000.\0001\000.\0002\000\040\000R\000e\000c\000o\000r\000d\000e\000r}{section.4.1}
\BOOKMARK [2][]{subsection.4.1.3}{\376\377\0004\000.\0001\000.\0003\000\040\000R\000e\000p\000l\000a\000y\000e\000r}{section.4.1}
\BOOKMARK [2][]{subsection.4.1.4}{\376\377\0004\000.\0001\000.\0004\000\040\000L\000o\000g\000\040\000S\000e\000r\000v\000e\000r}{section.4.1}
\BOOKMARK [2][]{subsection.4.1.5}{\376\377\0004\000.\0001\000.\0005\000\040\000X\000M\000L\000\040\000P\000r\000o\000c\000e\000s\000s\000o\000r}{section.4.1}
\BOOKMARK [1][]{section.4.2}{\376\377\0004\000.\0002\000\040\000E\000x\000a\000m\000p\000l\000e\000s\000\040\000o\000f\000\040\000m\000o\000d\000i\000f\000i\000c\000a\000t\000i\000o\000n\000s\000\040\000i\000n\000t\000r\000o\000d\000u\000c\000e\000d\000\040\000t\000o\000\040\000t\000h\000e\000\040\000b\000y\000t\000e\000c\000o\000d\000e}{chapter.4}
\BOOKMARK [2][]{subsection.4.2.1}{\376\377\0004\000.\0002\000.\0001\000\040\000I\000n\000t\000e\000r\000c\000e\000p\000t\000i\000n\000g\000\040\000s\000u\000b\000c\000l\000a\000s\000s\000e\000s}{section.4.2}
\BOOKMARK [2][]{subsection.4.2.2}{\376\377\0004\000.\0002\000.\0002\000\040\000I\000n\000t\000e\000r\000c\000e\000p\000t\000i\000n\000g\000\040\000C\000o\000m\000m\000a\000n\000d\000\040\000e\000v\000e\000n\000t\000s}{section.4.2}
\BOOKMARK [2][]{subsection.4.2.3}{\376\377\0004\000.\0002\000.\0003\000\040\000I\000n\000t\000e\000r\000c\000e\000p\000t\000i\000n\000g\000\040\000l\000i\000s\000t\000e\000n\000e\000r\000s}{section.4.2}
\BOOKMARK [1][]{section.4.3}{\376\377\0004\000.\0003\000\040\000A\000s\000s\000e\000r\000t\000i\000o\000n\000s\000\040\000a\000n\000d\000\040\000F\000a\000i\000l\000u\000r\000e\000\040\000N\000o\000t\000i\000f\000i\000c\000a\000t\000i\000o\000n}{chapter.4}
\BOOKMARK [0][]{chapter.5}{\376\377\0005\000\040\000E\000x\000p\000e\000r\000i\000m\000e\000n\000t\000s\000\040\000a\000n\000d\000\040\000E\000v\000a\000l\000u\000a\000t\000i\000o\000n}{}
\BOOKMARK [1][]{section.5.1}{\376\377\0005\000.\0001\000\040\000L\000a\000b\000\040\000T\000e\000s\000t\000s}{chapter.5}
\BOOKMARK [1][]{section.5.2}{\376\377\0005\000.\0002\000\040\000R\000e\000a\000l\000-\000l\000i\000f\000e\000\040\000U\000s\000e\000\040\000C\000a\000s\000e}{chapter.5}
\BOOKMARK [1][]{section.5.3}{\376\377\0005\000.\0003\000\040\000B\000y\000t\000e\000c\000o\000d\000e\000\040\000S\000i\000z\000e\000\040\000a\000n\000d\000\040\000P\000e\000r\000f\000o\000r\000m\000a\000n\000c\000e\000\040\000A\000s\000p\000e\000c\000t\000s}{chapter.5}
\BOOKMARK [1][]{section.5.4}{\376\377\0005\000.\0004\000\040\000O\000b\000f\000u\000s\000c\000a\000t\000i\000o\000n}{chapter.5}
\BOOKMARK [0][]{chapter.6}{\376\377\0006\000\040\000S\000u\000m\000m\000a\000r\000y\000\040\000a\000n\000d\000\040\000C\000o\000n\000c\000l\000u\000s\000i\000o\000n\000s}{}
\BOOKMARK [1][]{section.6.1}{\376\377\0006\000.\0001\000\040\000S\000u\000m\000m\000a\000r\000y}{chapter.6}
\BOOKMARK [1][]{section.6.2}{\376\377\0006\000.\0002\000\040\000F\000u\000t\000u\000r\000e\000\040\000D\000i\000r\000e\000c\000t\000i\000o\000n\000s}{chapter.6}
\BOOKMARK [0][]{section*.2}{\376\377\000B\000i\000b\000l\000i\000o\000g\000r\000a\000p\000h\000y}{}
\BOOKMARK [0][]{section*.4}{\376\377\000W\000e\000b\000\040\000R\000e\000s\000o\000u\000r\000c\000e\000s}{}
